# JRE version: 7.0_17-b02
# Java VM: Java HotSpot(TM) 64-Bit Server VM (23.7-b01 mixed mode windows-amd64 compressed oops)
Heap
 PSYoungGen      total 552704K, used 126529K [0x00000007d5eb0000, 0x00000007fbf60000, 0x0000000800000000)
  eden space 532288K, 23% used [0x00000007d5eb0000,0x00000007dda407d8,0x00000007f6680000)
  from space 20416K, 0% used [0x00000007f6680000,0x00000007f6680000,0x00000007f7a70000)
  to   space 16768K, 0% used [0x00000007f7a70000,0x00000007f7a70000,0x00000007f8ad0000)
 ParOldGen       total 785152K, used 29929K [0x0000000781c00000, 0x00000007b1ac0000, 0x00000007d5eb0000)
  object space 785152K, 3% used [0x0000000781c00000,0x000000078393a640,0x00000007b1ac0000)
 PSPermGen       total 83968K, used 75770K [0x000000077ca00000, 0x0000000781c00000, 0x0000000781c00000)
  object space 83968K, 90% used [0x000000077ca00000,0x00000007813fe918,0x0000000781c00000)
GC Heap History (10 events):
Event: 183.995 GC heap before
{Heap before GC invocations=45 (full 10):
 PSYoungGen      total 546752K, used 8693K [0x00000007d5eb0000, 0x00000007f8ad0000, 0x0000000800000000)
  eden space 524032K, 0% used [0x00000007d5eb0000,0x00000007d5eb0000,0x00000007f5e70000)
  from space 22720K, 38% used [0x00000007f5e70000,0x00000007f66ed7c0,0x00000007f74a0000)
  to   space 16768K, 0% used [0x00000007f7a70000,0x00000007f7a70000,0x00000007f8ad0000)
 ParOldGen       total 785152K, used 29847K [0x0000000781c00000, 0x00000007b1ac0000, 0x00000007d5eb0000)
  object space 785152K, 3% used [0x0000000781c00000,0x0000000783925f58,0x00000007b1ac0000)
 PSPermGen       total 83968K, used 83967K [0x000000077ca00000, 0x0000000781c00000, 0x0000000781c00000)
  object space 83968K, 99% used [0x000000077ca00000,0x0000000781bfff40,0x0000000781c00000)
Event: 184.111 GC heap after
Heap after GC invocations=45 (full 10):
 PSYoungGen      total 546752K, used 0K [0x00000007d5eb0000, 0x00000007f8ad0000, 0x0000000800000000)
  eden space 524032K, 0% used [0x00000007d5eb0000,0x00000007d5eb0000,0x00000007f5e70000)
  from space 22720K, 0% used [0x00000007f5e70000,0x00000007f5e70000,0x00000007f74a0000)
  to   space 16768K, 0% used [0x00000007f7a70000,0x00000007f7a70000,0x00000007f8ad0000)
 ParOldGen       total 785152K, used 30029K [0x0000000781c00000, 0x00000007b1ac0000, 0x00000007d5eb0000)
  object space 785152K, 3% used [0x0000000781c00000,0x0000000783953658,0x00000007b1ac0000)
 PSPermGen       total 83968K, used 74272K [0x000000077ca00000, 0x0000000781c00000, 0x0000000781c00000)
  object space 83968K, 88% used [0x000000077ca00000,0x00000007812882d0,0x0000000781c00000)
}
Event: 187.169 GC heap before
{Heap before GC invocations=46 (full 10):
 PSYoungGen      total 546752K, used 191468K [0x00000007d5eb0000, 0x00000007f8ad0000, 0x0000000800000000)
  eden space 524032K, 36% used [0x00000007d5eb0000,0x00000007e19ab2d8,0x00000007f5e70000)
  from space 22720K, 0% used [0x00000007f5e70000,0x00000007f5e70000,0x00000007f74a0000)
  to   space 16768K, 0% used [0x00000007f7a70000,0x00000007f7a70000,0x00000007f8ad0000)
 ParOldGen       total 785152K, used 30029K [0x0000000781c00000, 0x00000007b1ac0000, 0x00000007d5eb0000)
  object space 785152K, 3% used [0x0000000781c00000,0x0000000783953658,0x00000007b1ac0000)
 PSPermGen       total 83968K, used 83967K [0x000000077ca00000, 0x0000000781c00000, 0x0000000781c00000)
  object space 83968K, 99% used [0x000000077ca00000,0x0000000781bffe40,0x0000000781c00000)
Event: 187.177 GC heap after
Heap after GC invocations=46 (full 10):
 PSYoungGen      total 549056K, used 9151K [0x00000007d5eb0000, 0x00000007fbf60000, 0x0000000800000000)
  eden space 532288K, 0% used [0x00000007d5eb0000,0x00000007d5eb0000,0x00000007f6680000)
  from space 16768K, 54% used [0x00000007f7a70000,0x00000007f835fee0,0x00000007f8ad0000)
  to   space 20416K, 0% used [0x00000007f6680000,0x00000007f6680000,0x00000007f7a70000)
 ParOldGen       total 785152K, used 30029K [0x0000000781c00000, 0x00000007b1ac0000, 0x00000007d5eb0000)
  object space 785152K, 3% used [0x0000000781c00000,0x0000000783953658,0x00000007b1ac0000)
 PSPermGen       total 83968K, used 83967K [0x000000077ca00000, 0x0000000781c00000, 0x0000000781c00000)
  object space 83968K, 99% used [0x000000077ca00000,0x0000000781bffe40,0x0000000781c00000)
}
Event: 187.177 GC heap before
{Heap before GC invocations=47 (full 11):
 PSYoungGen      total 549056K, used 9151K [0x00000007d5eb0000, 0x00000007fbf60000, 0x0000000800000000)
  eden space 532288K, 0% used [0x00000007d5eb0000,0x00000007d5eb0000,0x00000007f6680000)
  from space 16768K, 54% used [0x00000007f7a70000,0x00000007f835fee0,0x00000007f8ad0000)
  to   space 20416K, 0% used [0x00000007f6680000,0x00000007f6680000,0x00000007f7a70000)
 ParOldGen       total 785152K, used 30029K [0x0000000781c00000, 0x00000007b1ac0000, 0x00000007d5eb0000)
  object space 785152K, 3% used [0x0000000781c00000,0x0000000783953658,0x00000007b1ac0000)
 PSPermGen       total 83968K, used 83967K [0x000000077ca00000, 0x0000000781c00000, 0x0000000781c00000)
  object space 83968K, 99% used [0x000000077ca00000,0x0000000781bffe40,0x0000000781c00000)
Event: 187.293 GC heap after
Heap after GC invocations=47 (full 11):
 PSYoungGen      total 549056K, used 0K [0x00000007d5eb0000, 0x00000007fbf60000, 0x0000000800000000)
  eden space 532288K, 0% used [0x00000007d5eb0000,0x00000007d5eb0000,0x00000007f6680000)
  from space 16768K, 0% used [0x00000007f7a70000,0x00000007f7a70000,0x00000007f8ad0000)
  to   space 20416K, 0% used [0x00000007f6680000,0x00000007f6680000,0x00000007f7a70000)
 ParOldGen       total 785152K, used 30658K [0x0000000781c00000, 0x00000007b1ac0000, 0x00000007d5eb0000)
  object space 785152K, 3% used [0x0000000781c00000,0x00000007839f0a20,0x00000007b1ac0000)
 PSPermGen       total 83968K, used 75018K [0x000000077ca00000, 0x0000000781c00000, 0x0000000781c00000)
  object space 83968K, 89% used [0x000000077ca00000,0x0000000781342898,0x0000000781c00000)
}
Event: 187.813 GC heap before
{Heap before GC invocations=48 (full 11):
 PSYoungGen      total 549056K, used 81890K [0x00000007d5eb0000, 0x00000007fbf60000, 0x0000000800000000)
  eden space 532288K, 15% used [0x00000007d5eb0000,0x00000007daea8858,0x00000007f6680000)
  from space 16768K, 0% used [0x00000007f7a70000,0x00000007f7a70000,0x00000007f8ad0000)
  to   space 20416K, 0% used [0x00000007f6680000,0x00000007f6680000,0x00000007f7a70000)
 ParOldGen       total 785152K, used 30658K [0x0000000781c00000, 0x00000007b1ac0000, 0x00000007d5eb0000)
  object space 785152K, 3% used [0x0000000781c00000,0x00000007839f0a20,0x00000007b1ac0000)
 PSPermGen       total 83968K, used 83967K [0x000000077ca00000, 0x0000000781c00000, 0x0000000781c00000)
  object space 83968K, 99% used [0x000000077ca00000,0x0000000781bffe98,0x0000000781c00000)
Event: 187.822 GC heap after
Heap after GC invocations=48 (full 11):
 PSYoungGen      total 552704K, used 8277K [0x00000007d5eb0000, 0x00000007fbf60000, 0x0000000800000000)
  eden space 532288K, 0% used [0x00000007d5eb0000,0x00000007d5eb0000,0x00000007f6680000)
  from space 20416K, 40% used [0x00000007f6680000,0x00000007f6e957c0,0x00000007f7a70000)
  to   space 16768K, 0% used [0x00000007f7a70000,0x00000007f7a70000,0x00000007f8ad0000)
 ParOldGen       total 785152K, used 30658K [0x0000000781c00000, 0x00000007b1ac0000, 0x00000007d5eb0000)
  object space 785152K, 3% used [0x0000000781c00000,0x00000007839f0a20,0x00000007b1ac0000)
 PSPermGen       total 83968K, used 83967K [0x000000077ca00000, 0x0000000781c00000, 0x0000000781c00000)
  object space 83968K, 99% used [0x000000077ca00000,0x0000000781bffe98,0x0000000781c00000)
}
Event: 187.822 GC heap before
{Heap before GC invocations=49 (full 12):
 PSYoungGen      total 552704K, used 8277K [0x00000007d5eb0000, 0x00000007fbf60000, 0x0000000800000000)
  eden space 532288K, 0% used [0x00000007d5eb0000,0x00000007d5eb0000,0x00000007f6680000)
  from space 20416K, 40% used [0x00000007f6680000,0x00000007f6e957c0,0x00000007f7a70000)
  to   space 16768K, 0% used [0x00000007f7a70000,0x00000007f7a70000,0x00000007f8ad0000)
 ParOldGen       total 785152K, used 30658K [0x0000000781c00000, 0x00000007b1ac0000, 0x00000007d5eb0000)
  object space 785152K, 3% used [0x0000000781c00000,0x00000007839f0a20,0x00000007b1ac0000)
 PSPermGen       total 83968K, used 83967K [0x000000077ca00000, 0x0000000781c00000, 0x0000000781c00000)
  object space 83968K, 99% used [0x000000077ca00000,0x0000000781bffe98,0x0000000781c00000)
Event: 187.938 GC heap after
Heap after GC invocations=49 (full 12):
 PSYoungGen      total 552704K, used 0K [0x00000007d5eb0000, 0x00000007fbf60000, 0x0000000800000000)
  eden space 532288K, 0% used [0x00000007d5eb0000,0x00000007d5eb0000,0x00000007f6680000)
  from space 20416K, 0% used [0x00000007f6680000,0x00000007f6680000,0x00000007f7a70000)
  to   space 16768K, 0% used [0x00000007f7a70000,0x00000007f7a70000,0x00000007f8ad0000)
 ParOldGen       total 785152K, used 29929K [0x0000000781c00000, 0x00000007b1ac0000, 0x00000007d5eb0000)
  object space 785152K, 3% used [0x0000000781c00000,0x000000078393a640,0x00000007b1ac0000)
 PSPermGen       total 83968K, used 75018K [0x000000077ca00000, 0x0000000781c00000, 0x0000000781c00000)
  object space 83968K, 89% used [0x000000077ca00000,0x0000000781342a00,0x0000000781c00000)
}

